<?xml version="1.0" encoding="UTF-8"?>
<!-- Generated by org.testng.reporters.JUnitReportReporter -->
<testsuite hostname="SanjayBabu" failures="0" tests="1" name="com.crm.VtigerContacts.VtigerImportContactsTest" time="70.737" errors="0" timestamp="2021-12-27T12:05:04 IST" skipped="0">
  <testcase classname="com.crm.VtigerContacts.VtigerImportContactsTest" name="importContacts" time="70.737"/>
  <system-out/>
</testsuite> <!-- com.crm.VtigerContacts.VtigerImportContactsTest -->
