<?xml version="1.0" encoding="UTF-8"?>
<!-- Generated by org.testng.reporters.JUnitReportReporter -->
<testsuite hostname="SanjayBabu" failures="0" tests="1" name="com.crm.VtigerContacts.VtigerCreateContactsTest" time="77.178" errors="0" timestamp="2021-12-29T14:41:31 IST" skipped="0">
  <testcase classname="com.crm.VtigerContacts.VtigerCreateContactsTest" name="VtigerCreateContacts" time="77.178"/>
  <system-out/>
</testsuite> <!-- com.crm.VtigerContacts.VtigerCreateContactsTest -->
