<?xml version="1.0" encoding="UTF-8"?>
<!-- Generated by org.testng.reporters.JUnitReportReporter -->
<testsuite hostname="SanjayBabu" failures="0" tests="1" name="com.crm.VtigerContacts.VtigerIndustryTypeSelectTest" time="52.888" errors="0" timestamp="2021-12-27T12:05:04 IST" skipped="0">
  <testcase classname="com.crm.VtigerContacts.VtigerIndustryTypeSelectTest" name="vtigerInduType" time="52.888"/>
  <system-out/>
</testsuite> <!-- com.crm.VtigerContacts.VtigerIndustryTypeSelectTest -->
