<?xml version="1.0" encoding="UTF-8"?>
<!-- Generated by org.testng.reporters.JUnitReportReporter -->
<testsuite hostname="SanjayBabu" failures="0" tests="5" name="practice.DataProviderTest1" time="0.147" errors="0" timestamp="2021-12-24T09:58:11 IST" skipped="0">
  <testcase classname="practice.DataProviderTest1" name="readDataFromDataProviderTest" time="0.025"/>
  <system-out/>
  <testcase classname="practice.DataProviderTest1" name="readDataFromDataProviderTest" time="0.026"/>
  <system-out/>
  <testcase classname="practice.DataProviderTest1" name="readDataFromDataProviderTest" time="0.043"/>
  <system-out/>
  <testcase classname="practice.DataProviderTest1" name="readDataFromDataProviderTest" time="0.014"/>
  <system-out/>
  <testcase classname="practice.DataProviderTest1" name="readDataFromDataProviderTest" time="0.039"/>
  <system-out/>
</testsuite> <!-- practice.DataProviderTest1 -->
