<?xml version="1.0" encoding="UTF-8"?>
<!-- Generated by org.testng.reporters.JUnitReportReporter -->
<testsuite hostname="SanjayBabu" failures="0" tests="1" name="practice.vtigerExportContactsTest" time="88.853" errors="0" timestamp="2021-12-26T19:04:05 IST" skipped="0">
  <testcase classname="practice.vtigerExportContactsTest" name="export" time="88.853"/>
  <system-out/>
</testsuite> <!-- practice.vtigerExportContactsTest -->
