<?xml version="1.0" encoding="UTF-8"?>
<!-- Generated by org.testng.reporters.JUnitReportReporter -->
<testsuite hostname="SanjayBabu" failures="0" tests="3" name="practice.DataProviderPracticeTest" time="0.084" errors="0" timestamp="2021-12-23T17:52:29 IST" skipped="0">
  <testcase classname="practice.DataProviderPracticeTest" name="readDataFromDataProviderTest" time="0.064"/>
  <system-out/>
  <testcase classname="practice.DataProviderPracticeTest" name="readDataFromDataProviderTest" time="0.012"/>
  <system-out/>
  <testcase classname="practice.DataProviderPracticeTest" name="readDataFromDataProviderTest" time="0.008"/>
  <system-out/>
</testsuite> <!-- practice.DataProviderPracticeTest -->
